<?xml version="1.0" encoding="UTF-8"?>
<coverage generated="1688224539347" clover="3.2.0">
  <project timestamp="1688224539347" name="All files">
    <metrics statements="14" coveredstatements="14" conditionals="7" coveredconditionals="7" methods="2" coveredmethods="2" elements="23" coveredelements="23" complexity="0" loc="14" ncloc="14" packages="1" files="2" classes="2"/>
    <file name="calculateDays.js" path="/Users/chayadasansiriwong/Desktop/csanann/Projects/BDayCountdown/src/calculateDays.js">
      <metrics statements="10" coveredstatements="10" conditionals="2" coveredconditionals="2" methods="1" coveredmethods="1"/>
      <line num="4" count="3" type="stmt"/>
      <line num="5" count="3" type="stmt"/>
      <line num="6" count="3" type="stmt"/>
      <line num="7" count="3" type="stmt"/>
      <line num="9" count="3" type="cond" truecount="2" falsecount="0"/>
      <line num="10" count="1" type="stmt"/>
      <line num="13" count="3" type="stmt"/>
      <line num="14" count="3" type="stmt"/>
      <line num="16" count="3" type="stmt"/>
      <line num="19" count="1" type="stmt"/>
    </file>
    <file name="main.js" path="/Users/chayadasansiriwong/Desktop/csanann/Projects/BDayCountdown/src/main.js">
      <metrics statements="4" coveredstatements="4" conditionals="5" coveredconditionals="5" methods="1" coveredmethods="1"/>
      <line num="4" count="6" type="cond" truecount="5" falsecount="0"/>
      <line num="5" count="4" type="stmt"/>
      <line num="8" count="2" type="stmt"/>
      <line num="11" count="1" type="stmt"/>
    </file>
  </project>
</coverage>
